This is LuaHBTeX, Version 1.12.0 (TeX Live 2020/W32TeX)  (format=lualatex 2020.12.17)  17 DEC 2020 08:31
 restricted system commands enabled.
**_main.tex
(./_main.tex
LaTeX2e <2020-10-01> patch level 2
Lua module: luaotfload-main 2020-09-02 3.15 luaotfload entry point
Lua module: luaotfload-init 2020-09-02 3.15 luaotfload submodule / initializatio
n
Lua module: lualibs 2020-08-31 2.72 ConTeXt Lua standard libraries.
Lua module: lualibs-extended 2020-08-31 2.72 ConTeXt Lua libraries -- extended c
ollection.
Lua module: luaotfload-log 2020-09-02 3.15 luaotfload submodule / logging
Lua module: luaotfload-parsers 2020-09-02 3.15 luaotfload submodule / parsers
Lua module: luaotfload-configuration 2020-09-02 3.15 luaotfload submodule / conf
ig file reader
luaotfload | conf : Root cache directory is "C:/Users/Chantel.Wetzel/AppData/Roa
ming/TinyTeX/texmf-var/luatex-cache/generic/names".
luaotfload | init : Loading fontloader "fontloader-2020-08-31.lua" from kpse-res
olved path "c:/Users/Chantel.Wetzel/AppData/Roaming/TinyTeX/texmf-dist/tex/luate
x/luaotfload/fontloader-2020-08-31.lua".
Lua-only attribute luaotfload@noligature = 1
Lua-only attribute luaotfload@syllabe = 2
luaotfload | init : Context OpenType loader version 0x1.8e353f7ced917p+1
Lua module: luaotfload-fallback 2020-09-02 3.15 luaotfload submodule / fallback
Lua module: luaotfload-multiscript 2020-09-02 3.15 luaotfload submodule / multis
cript
Lua module: luaotfload-script 2020-09-02 3.15 luaotfload submodule / Script help
ers
Inserting `luaotfload.node_processor' at position 1 in `pre_linebreak_filter'.
Inserting `luaotfload.node_processor' at position 1 in `hpack_filter'.
Inserting `luaotfload.glyph_stream' at position 1 in `glyph_stream_provider'.
Lua module: luaotfload-loaders 2020-09-02 3.15 luaotfload submodule / callback h
andling
Inserting `luaotfload.define_font' at position 1 in `define_font'.
Lua module: luaotfload-database 2020-09-02 3.15 luaotfload submodule / database
Lua module: luaotfload-unicode 2020-09-02 3.15 luaotfload submodule / Unicode he
lpers
Lua module: luaotfload-colors 2020-09-02 3.15 luaotfload submodule / color
Lua-only attribute luaotfload_color_attribute = 3
Lua module: luaotfload-resolvers 2020-09-02 3.15 luaotfload submodule / resolver
s
luaotfload | conf : Root cache directory is "C:/Users/Chantel.Wetzel/AppData/Roa
ming/TinyTeX/texmf-var/luatex-cache/generic/names".
Lua module: luaotfload-features 2020-09-02 3.15 luaotfload submodule / features
Lua module: luaotfload-harf-define 2020-09-02 3.15 luaotfload submodule / HarfBu
zz font loading
Inserting `luaotfload.harf.strip_prefix' at position 1 in `find_opentype_file'.
Inserting `luaotfload.harf.strip_prefix' at position 1 in `find_truetype_file'.
Lua module: luaotfload-harf-plug 2020-09-02 3.15 luaotfload submodule / HarfBuzz
 shaping
Inserting `Harf pre_output_filter callback' at position 1 in `pre_output_filter'
.
Inserting `Harf wrapup_run callback' at position 1 in `wrapup_run'.
Inserting `Harf finish_pdffile callback' at position 1 in `finish_pdffile'.
Inserting `Harf glyph_info callback' at position 1 in `glyph_info'.
Lua module: luaotfload-letterspace 2020-09-02 3.15 luaotfload submodule / letter
spacing
Lua module: luaotfload-embolden 2020-09-02 3.15 luaotfload submodule / embolden
Lua module: luaotfload-notdef 2020-09-02 3.15 luaotfload submodule / notdef
Lua module: luaotfload-suppress 2020-09-02 3.15 luaotfload submodule / suppress
Lua module: luaotfload-szss 2020-09-02 3.15 luaotfload submodule / Special featu
re handling
Lua module: luaotfload-auxiliary 2020-09-02 3.15 luaotfload submodule / auxiliar
y functions
Inserting `luaotfload.aux.set_sscale_dimens' at position 1 in `luaotfload.patch_
font'.
Inserting `luaotfload.aux.set_font_index' at position 2 in `luaotfload.patch_fon
t'.
Inserting `luaotfload.aux.patch_cambria_domh' at position 3 in `luaotfload.patch
_font'.
Inserting `luaotfload.aux.fixup_fontdata' at position 1 in `luaotfload.patch_fon
t_unsafe'.
Inserting `luaotfload.aux.set_capheight' at position 4 in `luaotfload.patch_font
'.
Inserting `luaotfload.aux.set_xheight' at position 5 in `luaotfload.patch_font'.
Lua module: luaotfload-tounicode 2020-09-02 3.15 luaotfload submodule / tounicod
e
Inserting `luaotfload.rewrite_fontname' at position 6 in `luaotfload.patch_font'
. L3 programming layer <2020-12-07> xparse <2020-03-03>
(c:/Users/Chantel.Wetzel/AppData/Roaming/TinyTeX/texmf-dist/tex/latex/base/arti
cle.cls
Document Class: article 2020/04/10 v1.4m Standard LaTeX document class

(c:/Users/Chantel.Wetzel/AppData/Roaming/TinyTeX/texmf-dist/tex/latex/base/size
11.clo
File: size11.clo 2020/04/10 v1.4m Standard LaTeX file (size option)
luaotfload | db : Font names database loaded from C:/Users/Chantel.Wetzel/AppDat
a/Roaming/TinyTeX/texmf-var/luatex-cache/generic/names/luaotfload-names.luc)
\c@part=\count173
\c@section=\count174
\c@subsection=\count175
\c@subsubsection=\count176
\c@paragraph=\count177
\c@subparagraph=\count178
\c@figure=\count179
\c@table=\count180
\abovecaptionskip=\skip47
\belowcaptionskip=\skip48
\bibindent=\dimen138
) (./sa4ss.sty
Package: sa4ss 2020/11/10 v0.99 sa4ss package

(c:/Users/Chantel.Wetzel/AppData/Roaming/TinyTeX/texmf-dist/tex/latex/pgf/front
endlayer/tikz.sty
(c:/Users/Chantel.Wetzel/AppData/Roaming/TinyTeX/texmf-dist/tex/latex/pgf/basic
layer/pgf.sty
(c:/Users/Chantel.Wetzel/AppData/Roaming/TinyTeX/texmf-dist/tex/latex/pgf/utili
ties/pgfrcs.sty
(c:/Users/Chantel.Wetzel/AppData/Roaming/TinyTeX/texmf-dist/tex/generic/pgf/uti
lities/pgfutil-common.tex
\pgfutil@everybye=\toks15
\pgfutil@tempdima=\dimen139
\pgfutil@tempdimb=\dimen140

(c:/Users/Chantel.Wetzel/AppData/Roaming/TinyTeX/texmf-dist/tex/generic/pgf/uti
lities/pgfutil-common-lists.tex))
(c:/Users/Chantel.Wetzel/AppData/Roaming/TinyTeX/texmf-dist/tex/generic/pgf/uti
lities/pgfutil-latex.def
\pgfutil@abb=\box47
)
(c:/Users/Chantel.Wetzel/AppData/Roaming/TinyTeX/texmf-dist/tex/generic/pgf/uti
lities/pgfrcs.code.tex
(c:/Users/Chantel.Wetzel/AppData/Roaming/TinyTeX/texmf-dist/tex/generic/pgf/pgf
.revision.tex)
Package: pgfrcs 2020/12/01 v3.1.7a (3.1.7a)
))
Package: pgf 2020/12/01 v3.1.7a (3.1.7a)

(c:/Users/Chantel.Wetzel/AppData/Roaming/TinyTeX/texmf-dist/tex/latex/pgf/basic
layer/pgfcore.sty
(c:/Users/Chantel.Wetzel/AppData/Roaming/TinyTeX/texmf-dist/tex/latex/graphics/
graphicx.sty
Package: graphicx 2020/09/09 v1.2b Enhanced LaTeX Graphics (DPC,SPQR)

(c:/Users/Chantel.Wetzel/AppData/Roaming/TinyTeX/texmf-dist/tex/latex/graphics/
keyval.sty
Package: keyval 2014/10/28 v1.15 key=value parser (DPC)
\KV@toks@=\toks16
)
(c:/Users/Chantel.Wetzel/AppData/Roaming/TinyTeX/texmf-dist/tex/latex/graphics/
graphics.sty
Package: graphics 2020/08/30 v1.4c Standard LaTeX Graphics (DPC,SPQR)

(c:/Users/Chantel.Wetzel/AppData/Roaming/TinyTeX/texmf-dist/tex/latex/graphics/
trig.sty
Package: trig 2016/01/03 v1.10 sin cos tan (DPC)
)
(c:/Users/Chantel.Wetzel/AppData/Roaming/TinyTeX/texmf-dist/tex/latex/graphics-
cfg/graphics.cfg
File: graphics.cfg 2016/06/04 v1.11 sample graphics configuration
)
Package graphics Info: Driver file: luatex.def on input line 105.

(c:/Users/Chantel.Wetzel/AppData/Roaming/TinyTeX/texmf-dist/tex/latex/graphics-
def/luatex.def
File: luatex.def 2020/10/05 v1.2a Graphics/color driver for luatex
))
\Gin@req@height=\dimen141
\Gin@req@width=\dimen142
)
(c:/Users/Chantel.Wetzel/AppData/Roaming/TinyTeX/texmf-dist/tex/latex/pgf/syste
mlayer/pgfsys.sty
(c:/Users/Chantel.Wetzel/AppData/Roaming/TinyTeX/texmf-dist/tex/generic/pgf/sys
temlayer/pgfsys.code.tex
Package: pgfsys 2020/12/01 v3.1.7a (3.1.7a)

(c:/Users/Chantel.Wetzel/AppData/Roaming/TinyTeX/texmf-dist/tex/generic/pgf/uti
lities/pgfkeys.code.tex
\pgfkeys@pathtoks=\toks17
\pgfkeys@temptoks=\toks18

(c:/Users/Chantel.Wetzel/AppData/Roaming/TinyTeX/texmf-dist/tex/generic/pgf/uti
lities/pgfkeysfiltered.code.tex
\pgfkeys@tmptoks=\toks19
))
\pgf@x=\dimen143
\pgf@y=\dimen144
\pgf@xa=\dimen145
\pgf@ya=\dimen146
\pgf@xb=\dimen147
\pgf@yb=\dimen148
\pgf@xc=\dimen149
\pgf@yc=\dimen150
\pgf@xd=\dimen151
\pgf@yd=\dimen152
\w@pgf@writea=\write3
\r@pgf@reada=\read2
\c@pgf@counta=\count181
\c@pgf@countb=\count182
\c@pgf@countc=\count183
\c@pgf@countd=\count184
\t@pgf@toka=\toks20
\t@pgf@tokb=\toks21
\t@pgf@tokc=\toks22
\pgf@sys@id@count=\count185

(c:/Users/Chantel.Wetzel/AppData/Roaming/TinyTeX/texmf-dist/tex/generic/pgf/sys
temlayer/pgf.cfg
File: pgf.cfg 2020/12/01 v3.1.7a (3.1.7a)
)
Driver file for pgf: pgfsys-luatex.def

(c:/Users/Chantel.Wetzel/AppData/Roaming/TinyTeX/texmf-dist/tex/generic/pgf/sys
temlayer/pgfsys-luatex.def
File: pgfsys-luatex.def 2020/12/01 v3.1.7a (3.1.7a)

(c:/Users/Chantel.Wetzel/AppData/Roaming/TinyTeX/texmf-dist/tex/generic/pgf/sys
temlayer/pgfsys-common-pdf.def
File: pgfsys-common-pdf.def 2020/12/01 v3.1.7a (3.1.7a)
)))
(c:/Users/Chantel.Wetzel/AppData/Roaming/TinyTeX/texmf-dist/tex/generic/pgf/sys
temlayer/pgfsyssoftpath.code.tex
File: pgfsyssoftpath.code.tex 2020/12/01 v3.1.7a (3.1.7a)
\pgfsyssoftpath@smallbuffer@items=\count186
\pgfsyssoftpath@bigbuffer@items=\count187
)
(c:/Users/Chantel.Wetzel/AppData/Roaming/TinyTeX/texmf-dist/tex/generic/pgf/sys
temlayer/pgfsysprotocol.code.tex
File: pgfsysprotocol.code.tex 2020/12/01 v3.1.7a (3.1.7a)
))
(c:/Users/Chantel.Wetzel/AppData/Roaming/TinyTeX/texmf-dist/tex/latex/xcolor/xc
olor.sty
Package: xcolor 2016/05/11 v2.12 LaTeX color extensions (UK)

(c:/Users/Chantel.Wetzel/AppData/Roaming/TinyTeX/texmf-dist/tex/latex/graphics-
cfg/color.cfg
File: color.cfg 2016/01/02 v1.6 sample color configuration
)
Package xcolor Info: Driver file: luatex.def on input line 225.
Package xcolor Info: Model `cmy' substituted by `cmy0' on input line 1348.
Package xcolor Info: Model `hsb' substituted by `rgb' on input line 1352.
Package xcolor Info: Model `RGB' extended on input line 1364.
Package xcolor Info: Model `HTML' substituted by `rgb' on input line 1366.
Package xcolor Info: Model `Hsb' substituted by `hsb' on input line 1367.
Package xcolor Info: Model `tHsb' substituted by `hsb' on input line 1368.
Package xcolor Info: Model `HSB' substituted by `hsb' on input line 1369.
Package xcolor Info: Model `Gray' substituted by `gray' on input line 1370.
Package xcolor Info: Model `wave' substituted by `hsb' on input line 1371.
)
(c:/Users/Chantel.Wetzel/AppData/Roaming/TinyTeX/texmf-dist/tex/generic/pgf/bas
iclayer/pgfcore.code.tex
Package: pgfcore 2020/12/01 v3.1.7a (3.1.7a)

(c:/Users/Chantel.Wetzel/AppData/Roaming/TinyTeX/texmf-dist/tex/generic/pgf/mat
h/pgfmath.code.tex
(c:/Users/Chantel.Wetzel/AppData/Roaming/TinyTeX/texmf-dist/tex/generic/pgf/mat
h/pgfmathcalc.code.tex
(c:/Users/Chantel.Wetzel/AppData/Roaming/TinyTeX/texmf-dist/tex/generic/pgf/mat
h/pgfmathutil.code.tex)
(c:/Users/Chantel.Wetzel/AppData/Roaming/TinyTeX/texmf-dist/tex/generic/pgf/mat
h/pgfmathparser.code.tex
\pgfmath@dimen=\dimen153
\pgfmath@count=\count188
\pgfmath@box=\box48
\pgfmath@toks=\toks23
\pgfmath@stack@operand=\toks24
\pgfmath@stack@operation=\toks25
)
(c:/Users/Chantel.Wetzel/AppData/Roaming/TinyTeX/texmf-dist/tex/generic/pgf/mat
h/pgfmathfunctions.code.tex
(c:/Users/Chantel.Wetzel/AppData/Roaming/TinyTeX/texmf-dist/tex/generic/pgf/mat
h/pgfmathfunctions.basic.code.tex)
(c:/Users/Chantel.Wetzel/AppData/Roaming/TinyTeX/texmf-dist/tex/generic/pgf/mat
h/pgfmathfunctions.trigonometric.code.tex)
(c:/Users/Chantel.Wetzel/AppData/Roaming/TinyTeX/texmf-dist/tex/generic/pgf/mat
h/pgfmathfunctions.random.code.tex)
(c:/Users/Chantel.Wetzel/AppData/Roaming/TinyTeX/texmf-dist/tex/generic/pgf/mat
h/pgfmathfunctions.comparison.code.tex)
(c:/Users/Chantel.Wetzel/AppData/Roaming/TinyTeX/texmf-dist/tex/generic/pgf/mat
h/pgfmathfunctions.base.code.tex)
(c:/Users/Chantel.Wetzel/AppData/Roaming/TinyTeX/texmf-dist/tex/generic/pgf/mat
h/pgfmathfunctions.round.code.tex)
(c:/Users/Chantel.Wetzel/AppData/Roaming/TinyTeX/texmf-dist/tex/generic/pgf/mat
h/pgfmathfunctions.misc.code.tex)
(c:/Users/Chantel.Wetzel/AppData/Roaming/TinyTeX/texmf-dist/tex/generic/pgf/mat
h/pgfmathfunctions.integerarithmetics.code.tex)))
(c:/Users/Chantel.Wetzel/AppData/Roaming/TinyTeX/texmf-dist/tex/generic/pgf/mat
h/pgfmathfloat.code.tex
\c@pgfmathroundto@lastzeros=\count189
))
(c:/Users/Chantel.Wetzel/AppData/Roaming/TinyTeX/texmf-dist/tex/generic/pgf/mat
h/pgfint.code.tex)
(c:/Users/Chantel.Wetzel/AppData/Roaming/TinyTeX/texmf-dist/tex/generic/pgf/bas
iclayer/pgfcorepoints.code.tex
File: pgfcorepoints.code.tex 2020/12/01 v3.1.7a (3.1.7a)
\pgf@picminx=\dimen154
\pgf@picmaxx=\dimen155
\pgf@picminy=\dimen156
\pgf@picmaxy=\dimen157
\pgf@pathminx=\dimen158
\pgf@pathmaxx=\dimen159
\pgf@pathminy=\dimen160
\pgf@pathmaxy=\dimen161
\pgf@xx=\dimen162
\pgf@xy=\dimen163
\pgf@yx=\dimen164
\pgf@yy=\dimen165
\pgf@zx=\dimen166
\pgf@zy=\dimen167
)
(c:/Users/Chantel.Wetzel/AppData/Roaming/TinyTeX/texmf-dist/tex/generic/pgf/bas
iclayer/pgfcorepathconstruct.code.tex
File: pgfcorepathconstruct.code.tex 2020/12/01 v3.1.7a (3.1.7a)
\pgf@path@lastx=\dimen168
\pgf@path@lasty=\dimen169
)
(c:/Users/Chantel.Wetzel/AppData/Roaming/TinyTeX/texmf-dist/tex/generic/pgf/bas
iclayer/pgfcorepathusage.code.tex
File: pgfcorepathusage.code.tex 2020/12/01 v3.1.7a (3.1.7a)
\pgf@shorten@end@additional=\dimen170
\pgf@shorten@start@additional=\dimen171
)
(c:/Users/Chantel.Wetzel/AppData/Roaming/TinyTeX/texmf-dist/tex/generic/pgf/bas
iclayer/pgfcorescopes.code.tex
File: pgfcorescopes.code.tex 2020/12/01 v3.1.7a (3.1.7a)
\pgfpic=\box49
\pgf@hbox=\box50
\pgf@layerbox@main=\box51
\pgf@picture@serial@count=\count190
)
(c:/Users/Chantel.Wetzel/AppData/Roaming/TinyTeX/texmf-dist/tex/generic/pgf/bas
iclayer/pgfcoregraphicstate.code.tex
File: pgfcoregraphicstate.code.tex 2020/12/01 v3.1.7a (3.1.7a)
\pgflinewidth=\dimen172
)
(c:/Users/Chantel.Wetzel/AppData/Roaming/TinyTeX/texmf-dist/tex/generic/pgf/bas
iclayer/pgfcoretransformations.code.tex
File: pgfcoretransformations.code.tex 2020/12/01 v3.1.7a (3.1.7a)
\pgf@pt@x=\dimen173
\pgf@pt@y=\dimen174
\pgf@pt@temp=\dimen175
)
(c:/Users/Chantel.Wetzel/AppData/Roaming/TinyTeX/texmf-dist/tex/generic/pgf/bas
iclayer/pgfcorequick.code.tex
File: pgfcorequick.code.tex 2020/12/01 v3.1.7a (3.1.7a)
)
(c:/Users/Chantel.Wetzel/AppData/Roaming/TinyTeX/texmf-dist/tex/generic/pgf/bas
iclayer/pgfcoreobjects.code.tex
File: pgfcoreobjects.code.tex 2020/12/01 v3.1.7a (3.1.7a)
)
(c:/Users/Chantel.Wetzel/AppData/Roaming/TinyTeX/texmf-dist/tex/generic/pgf/bas
iclayer/pgfcorepathprocessing.code.tex
File: pgfcorepathprocessing.code.tex 2020/12/01 v3.1.7a (3.1.7a)
)
(c:/Users/Chantel.Wetzel/AppData/Roaming/TinyTeX/texmf-dist/tex/generic/pgf/bas
iclayer/pgfcorearrows.code.tex
File: pgfcorearrows.code.tex 2020/12/01 v3.1.7a (3.1.7a)
\pgfarrowsep=\dimen176
)
(c:/Users/Chantel.Wetzel/AppData/Roaming/TinyTeX/texmf-dist/tex/generic/pgf/bas
iclayer/pgfcoreshade.code.tex
File: pgfcoreshade.code.tex 2020/12/01 v3.1.7a (3.1.7a)
\pgf@max=\dimen177
\pgf@sys@shading@range@num=\count191
\pgf@shadingcount=\count192
)
(c:/Users/Chantel.Wetzel/AppData/Roaming/TinyTeX/texmf-dist/tex/generic/pgf/bas
iclayer/pgfcoreimage.code.tex
File: pgfcoreimage.code.tex 2020/12/01 v3.1.7a (3.1.7a)

(c:/Users/Chantel.Wetzel/AppData/Roaming/TinyTeX/texmf-dist/tex/generic/pgf/bas
iclayer/pgfcoreexternal.code.tex
File: pgfcoreexternal.code.tex 2020/12/01 v3.1.7a (3.1.7a)
\pgfexternal@startupbox=\box52
))
(c:/Users/Chantel.Wetzel/AppData/Roaming/TinyTeX/texmf-dist/tex/generic/pgf/bas
iclayer/pgfcorelayers.code.tex
File: pgfcorelayers.code.tex 2020/12/01 v3.1.7a (3.1.7a)
)
(c:/Users/Chantel.Wetzel/AppData/Roaming/TinyTeX/texmf-dist/tex/generic/pgf/bas
iclayer/pgfcoretransparency.code.tex
File: pgfcoretransparency.code.tex 2020/12/01 v3.1.7a (3.1.7a)
)
(c:/Users/Chantel.Wetzel/AppData/Roaming/TinyTeX/texmf-dist/tex/generic/pgf/bas
iclayer/pgfcorepatterns.code.tex
File: pgfcorepatterns.code.tex 2020/12/01 v3.1.7a (3.1.7a)
)
(c:/Users/Chantel.Wetzel/AppData/Roaming/TinyTeX/texmf-dist/tex/generic/pgf/bas
iclayer/pgfcorerdf.code.tex
File: pgfcorerdf.code.tex 2020/12/01 v3.1.7a (3.1.7a)
)))
(c:/Users/Chantel.Wetzel/AppData/Roaming/TinyTeX/texmf-dist/tex/generic/pgf/mod
ules/pgfmoduleshapes.code.tex
File: pgfmoduleshapes.code.tex 2020/12/01 v3.1.7a (3.1.7a)
\pgfnodeparttextbox=\box53
)
(c:/Users/Chantel.Wetzel/AppData/Roaming/TinyTeX/texmf-dist/tex/generic/pgf/mod
ules/pgfmoduleplot.code.tex
File: pgfmoduleplot.code.tex 2020/12/01 v3.1.7a (3.1.7a)
)
(c:/Users/Chantel.Wetzel/AppData/Roaming/TinyTeX/texmf-dist/tex/latex/pgf/compa
tibility/pgfcomp-version-0-65.sty
Package: pgfcomp-version-0-65 2020/12/01 v3.1.7a (3.1.7a)
\pgf@nodesepstart=\dimen178
\pgf@nodesepend=\dimen179
)
(c:/Users/Chantel.Wetzel/AppData/Roaming/TinyTeX/texmf-dist/tex/latex/pgf/compa
tibility/pgfcomp-version-1-18.sty
Package: pgfcomp-version-1-18 2020/12/01 v3.1.7a (3.1.7a)
))
(c:/Users/Chantel.Wetzel/AppData/Roaming/TinyTeX/texmf-dist/tex/latex/pgf/utili
ties/pgffor.sty
(c:/Users/Chantel.Wetzel/AppData/Roaming/TinyTeX/texmf-dist/tex/latex/pgf/utili
ties/pgfkeys.sty
(c:/Users/Chantel.Wetzel/AppData/Roaming/TinyTeX/texmf-dist/tex/generic/pgf/uti
lities/pgfkeys.code.tex))
(c:/Users/Chantel.Wetzel/AppData/Roaming/TinyTeX/texmf-dist/tex/latex/pgf/math/
pgfmath.sty
(c:/Users/Chantel.Wetzel/AppData/Roaming/TinyTeX/texmf-dist/tex/generic/pgf/mat
h/pgfmath.code.tex))
(c:/Users/Chantel.Wetzel/AppData/Roaming/TinyTeX/texmf-dist/tex/generic/pgf/uti
lities/pgffor.code.tex
Package: pgffor 2020/12/01 v3.1.7a (3.1.7a)

(c:/Users/Chantel.Wetzel/AppData/Roaming/TinyTeX/texmf-dist/tex/generic/pgf/mat
h/pgfmath.code.tex)
\pgffor@iter=\dimen180
\pgffor@skip=\dimen181
\pgffor@stack=\toks26
\pgffor@toks=\toks27
))
(c:/Users/Chantel.Wetzel/AppData/Roaming/TinyTeX/texmf-dist/tex/generic/pgf/fro
ntendlayer/tikz/tikz.code.tex
Package: tikz 2020/12/01 v3.1.7a (3.1.7a)

(c:/Users/Chantel.Wetzel/AppData/Roaming/TinyTeX/texmf-dist/tex/generic/pgf/lib
raries/pgflibraryplothandlers.code.tex
File: pgflibraryplothandlers.code.tex 2020/12/01 v3.1.7a (3.1.7a)
\pgf@plot@mark@count=\count193
\pgfplotmarksize=\dimen182
)
\tikz@lastx=\dimen183
\tikz@lasty=\dimen184
\tikz@lastxsaved=\dimen185
\tikz@lastysaved=\dimen186
\tikz@lastmovetox=\dimen187
\tikz@lastmovetoy=\dimen188
\tikzleveldistance=\dimen189
\tikzsiblingdistance=\dimen190
\tikz@figbox=\box54
\tikz@figbox@bg=\box55
\tikz@tempbox=\box56
\tikz@tempbox@bg=\box57
\tikztreelevel=\count194
\tikznumberofchildren=\count195
\tikznumberofcurrentchild=\count196
\tikz@fig@count=\count197

(c:/Users/Chantel.Wetzel/AppData/Roaming/TinyTeX/texmf-dist/tex/generic/pgf/mod
ules/pgfmodulematrix.code.tex
File: pgfmodulematrix.code.tex 2020/12/01 v3.1.7a (3.1.7a)
\pgfmatrixcurrentrow=\count198
\pgfmatrixcurrentcolumn=\count199
\pgf@matrix@numberofcolumns=\count266
)
\tikz@expandcount=\count267

(c:/Users/Chantel.Wetzel/AppData/Roaming/TinyTeX/texmf-dist/tex/generic/pgf/fro
ntendlayer/tikz/libraries/tikzlibrarytopaths.code.tex
File: tikzlibrarytopaths.code.tex 2020/12/01 v3.1.7a (3.1.7a)
)))
(c:/Users/Chantel.Wetzel/AppData/Roaming/TinyTeX/texmf-dist/tex/latex/geometry/
geometry.sty
Package: geometry 2020/01/02 v5.9 Page Geometry

(c:/Users/Chantel.Wetzel/AppData/Roaming/TinyTeX/texmf-dist/tex/generic/iftex/i
fvtex.sty
Package: ifvtex 2019/10/25 v1.7 ifvtex legacy package. Use iftex instead.

(c:/Users/Chantel.Wetzel/AppData/Roaming/TinyTeX/texmf-dist/tex/generic/iftex/i
ftex.sty
Package: iftex 2020/03/06 v1.0d TeX engine tests
))
\Gm@cnth=\count268
\Gm@cntv=\count269
\c@Gm@tempcnt=\count270
\Gm@bindingoffset=\dimen191
\Gm@wd@mp=\dimen192
\Gm@odd@mp=\dimen193
\Gm@even@mp=\dimen194
\Gm@layoutwidth=\dimen195
\Gm@layoutheight=\dimen196
\Gm@layouthoffset=\dimen197
\Gm@layoutvoffset=\dimen198
\Gm@dimlist=\toks28
)
(c:/Users/Chantel.Wetzel/AppData/Roaming/TinyTeX/texmf-dist/tex/latex/lastpage/
lastpage.sty
Package: lastpage 2015/03/29 v1.2m Refers to last page's name (HMM; JPG)
)
(c:/Users/Chantel.Wetzel/AppData/Roaming/TinyTeX/texmf-dist/tex/latex/fancyhdr/
fancyhdr.sty
Package: fancyhdr 2019/01/31 v3.10 Extensive control of page headers and footers

\f@nch@headwidth=\skip49
\f@nch@O@elh=\skip50
\f@nch@O@erh=\skip51
\f@nch@O@olh=\skip52
\f@nch@O@orh=\skip53
\f@nch@O@elf=\skip54
\f@nch@O@erf=\skip55
\f@nch@O@olf=\skip56
\f@nch@O@orf=\skip57
)
(c:/Users/Chantel.Wetzel/AppData/Roaming/TinyTeX/texmf-dist/tex/latex/hanging/h
anging.sty
Package: hanging 2009/09/02 v1.2b hanging paragraphs and punctuation
\h@ngcommawd=\skip58
\h@ngfstopwd=\skip59
\h@ngquotewd=\skip60
\h@ngdquotewd=\skip61
\h@ngquerywd=\skip62
\h@ngexclwd=\skip63
\h@ngcolonwd=\skip64
\h@ngscolonwd=\skip65
)
(c:/Users/Chantel.Wetzel/AppData/Roaming/TinyTeX/texmf-dist/tex/latex/microtype
/microtype.sty
Package: microtype 2020/12/07 v2.8 Micro-typographical refinements (RS)
\MT@toks=\toks29
\MT@count=\count271
LaTeX Info: Redefining \textls on input line 788.
\MT@outer@kern=\dimen199
LaTeX Info: Redefining \textmicrotypecontext on input line 1358.
\MT@listname@count=\count272

(c:/Users/Chantel.Wetzel/AppData/Roaming/TinyTeX/texmf-dist/tex/latex/microtype
/microtype-luatex.def
File: microtype-luatex.def 2020/12/07 v2.8 Definitions specific to luatex (RS)
Module microtype Info: overwriting function `keepligature' on input line 59
LaTeX Info: Redefining \lsstyle on input line 706.
LaTeX Info: Redefining \lslig on input line 706.
\MT@outer@space=\skip66
)
Package microtype Info: Loading configuration file microtype.cfg.

(c:/Users/Chantel.Wetzel/AppData/Roaming/TinyTeX/texmf-dist/tex/latex/microtype
/microtype.cfg
File: microtype.cfg 2020/12/07 v2.8 microtype main configuration file (RS)
))
(c:/Users/Chantel.Wetzel/AppData/Roaming/TinyTeX/texmf-dist/tex/latex/psnfss/he
lvet.sty
Package: helvet 2020/03/25 PSNFSS-v9.3 (WaS) 
)
(c:/Users/Chantel.Wetzel/AppData/Roaming/TinyTeX/texmf-dist/tex/latex/psnfss/pa
latino.sty
Package: palatino 2020/03/25 PSNFSS-v9.3 (SPQR) 
)
(c:/Users/Chantel.Wetzel/AppData/Roaming/TinyTeX/texmf-dist/tex/latex/psnfss/ma
thpazo.sty
Package: mathpazo 2020/03/25 PSNFSS-v9.3 Palatino w/ Pazo Math (D.Puga, WaS) 
\symupright=\mathgroup4
)
(c:/Users/Chantel.Wetzel/AppData/Roaming/TinyTeX/texmf-dist/tex/latex/inconsola
ta/inconsolata.sty
Package: inconsolata 2019/05/17 v1.12
`inconsolata-zi4' v1.12, 2019/05/17 Text macros for Inconsolata (msharpe)
(c:/Users/Chantel.Wetzel/AppData/Roaming/TinyTeX/texmf-dist/tex/latex/base/text
comp.sty
Package: textcomp 2020/02/02 v2.0n Standard LaTeX package
)
(c:/Users/Chantel.Wetzel/AppData/Roaming/TinyTeX/texmf-dist/tex/latex/xkeyval/x
keyval.sty
Package: xkeyval 2020/11/20 v2.8 package option processing (HA)

(c:/Users/Chantel.Wetzel/AppData/Roaming/TinyTeX/texmf-dist/tex/generic/xkeyval
/xkeyval.tex
(c:/Users/Chantel.Wetzel/AppData/Roaming/TinyTeX/texmf-dist/tex/generic/xkeyval
/xkvutils.tex
\XKV@toks=\toks30
\XKV@tempa@toks=\toks31
)
\XKV@depth=\count273
File: xkeyval.tex 2014/12/03 v2.7a key=value parser (HA)
))
\zifour@ocount=\count274
)
(c:/Users/Chantel.Wetzel/AppData/Roaming/TinyTeX/texmf-dist/tex/latex/base/inpu
tenc.sty
Package: inputenc 2020/08/01 v1.3d Input encoding file
\inpenc@prehook=\toks32
\inpenc@posthook=\toks33

Package inputenc Warning: inputenc package ignored with utf8 based engines.

)
(c:/Users/Chantel.Wetzel/AppData/Roaming/TinyTeX/texmf-dist/tex/latex/base/font
enc.sty
Package: fontenc 2020/08/10 v2.0s Standard LaTeX package
LaTeX Font Info:    Trying to load font information for T1+ppl on input line 112
.

(c:/Users/Chantel.Wetzel/AppData/Roaming/TinyTeX/texmf-dist/tex/latex/psnfss/t1
ppl.fd
File: t1ppl.fd 2001/06/04 font definitions for T1/ppl.
))
(c:/Users/Chantel.Wetzel/AppData/Roaming/TinyTeX/texmf-dist/tex/latex/setspace/
setspace.sty
Package: setspace 2011/12/19 v6.7a set line spacing
)
(c:/Users/Chantel.Wetzel/AppData/Roaming/TinyTeX/texmf-dist/tex/latex/float/flo
at.sty
Package: float 2001/11/08 v1.3d Float enhancements (AL)
\c@float@type=\count275
\float@exts=\toks34
\float@box=\box58
\@float@everytoks=\toks35
\@floatcapt=\box59
)

! LaTeX Error: File `(.sty' not found.

Type X to quit or <RETURN> to proceed,
or enter new name. (Default extension: sty)

Enter file name: 
! Emergency stop.
<read *> 
   
l.40 \usepackage(d
                atetime2)

Here is how much of LuaTeX's memory you used:
 14074 strings out of 478902
 100000,662416 words of node,token memory allocated
 430 words of node memory still in use:
   2 hlist, 1 rule, 1 dir, 3 kern, 1 glyph, 4 attribute, 57 glue_spec, 4 attribu
te_list, 1 if_stack, 1 write, 1 pdf_colorstack nodes
   avail lists: 2:21,3:2,5:2,7:3,9:3
 33101 multiletter control sequences out of 65536+600000
 25 fonts using 2449015 bytes
 122i,0n,117p,445b,89s stack positions out of 5000i,500n,10000p,200000b,200000s
!  ==> Fatal error occurred, no output PDF file produced!
